<?xml version="1.0" encoding="UTF-8"?>
<!-- Generated by org.testng.reporters.JUnitXMLReporter -->
<testsuite ignored="0" hostname="DESKTOP-KT46ULE" failures="0" tests="3" name="Test" time="0.07" errors="0" timestamp="2025-11-05T15:13:31 IST">
  <testcase classname="github.GithubPracticeTest" name="githubPracticeTest" time="0.014"/>
  <testcase classname="jenkins.JenkinsPracticeTest" name="jenkinsPracticeTest" time="0.002"/>
  <testcase classname="maven.MavenPracticeTest" name="mavenPracticeTest" time="0.001"/>
</testsuite> <!-- Test -->
