<?xml version="1.0" encoding="UTF-8"?>
<testng-results ignored="0" total="3" passed="3" failed="0" skipped="0">
  <reporter-output>
  </reporter-output>
  <suite started-at="2025-11-05T15:13:30 IST" name="Suite" finished-at="2025-11-05T15:13:31 IST" duration-ms="70">
    <groups>
    </groups>
    <test started-at="2025-11-05T15:13:30 IST" name="Test" finished-at="2025-11-05T15:13:31 IST" duration-ms="70">
      <class name="maven.MavenPracticeTest">
        <test-method signature="mavenPracticeTest()[pri:0, instance:maven.MavenPracticeTest@7c729a55]" started-at="2025-11-05T15:13:31 IST" name="mavenPracticeTest" finished-at="2025-11-05T15:13:31 IST" duration-ms="1" status="PASS">
          <reporter-output>
          </reporter-output>
        </test-method> <!-- mavenPracticeTest -->
      </class> <!-- maven.MavenPracticeTest -->
      <class name="jenkins.JenkinsPracticeTest">
        <test-method signature="jenkinsPracticeTest()[pri:0, instance:jenkins.JenkinsPracticeTest@47af7f3d]" started-at="2025-11-05T15:13:31 IST" name="jenkinsPracticeTest" finished-at="2025-11-05T15:13:31 IST" duration-ms="2" status="PASS">
          <reporter-output>
          </reporter-output>
        </test-method> <!-- jenkinsPracticeTest -->
      </class> <!-- jenkins.JenkinsPracticeTest -->
      <class name="github.GithubPracticeTest">
        <test-method signature="githubPracticeTest()[pri:0, instance:github.GithubPracticeTest@6e20b53a]" started-at="2025-11-05T15:13:31 IST" name="githubPracticeTest" finished-at="2025-11-05T15:13:31 IST" duration-ms="14" status="PASS">
          <reporter-output>
          </reporter-output>
        </test-method> <!-- githubPracticeTest -->
      </class> <!-- github.GithubPracticeTest -->
    </test> <!-- Test -->
  </suite> <!-- Suite -->
</testng-results>
